mode: atomic
/Users/thyrael/Desktop/Algo-Prime-Numbers/src/main/main.go:11.14,18.16 5 0
/Users/thyrael/Desktop/Algo-Prime-Numbers/src/main/main.go:23.2,23.49 1 0
/Users/thyrael/Desktop/Algo-Prime-Numbers/src/main/main.go:18.16,21.3 2 0
/Users/thyrael/Desktop/Algo-Prime-Numbers/src/main/main.go:23.49,25.3 1 0
/Users/thyrael/Desktop/Algo-Prime-Numbers/src/main/main.go:25.8,27.3 1 0
/Users/thyrael/Desktop/Algo-Prime-Numbers/src/main/main.go:30.53,31.35 1 11
/Users/thyrael/Desktop/Algo-Prime-Numbers/src/main/main.go:34.2,34.20 1 8
/Users/thyrael/Desktop/Algo-Prime-Numbers/src/main/main.go:40.2,40.36 1 5
/Users/thyrael/Desktop/Algo-Prime-Numbers/src/main/main.go:45.2,45.13 1 5
/Users/thyrael/Desktop/Algo-Prime-Numbers/src/main/main.go:31.35,33.3 1 3
/Users/thyrael/Desktop/Algo-Prime-Numbers/src/main/main.go:34.20,35.17 1 3
/Users/thyrael/Desktop/Algo-Prime-Numbers/src/main/main.go:38.3,38.15 1 2
/Users/thyrael/Desktop/Algo-Prime-Numbers/src/main/main.go:35.17,37.4 1 1
/Users/thyrael/Desktop/Algo-Prime-Numbers/src/main/main.go:40.36,41.21 1 2
/Users/thyrael/Desktop/Algo-Prime-Numbers/src/main/main.go:41.21,43.4 1 0
